JvmtiExport can_access_local_variables 0
JvmtiExport can_hotswap_or_post_breakpoint 0
JvmtiExport can_post_on_exceptions 0
# 234 ciObject found
ciMethod java/lang/Object <init> ()V 4097 1 219691 0 0
ciMethod java/lang/Object hashCode ()I 2049 1 256 0 -1
ciMethod java/lang/Object equals (Ljava/lang/Object;)Z 4097 1 12833 0 -1
ciMethod java/lang/String <init> ([CII)V 2001 1 5402 0 608
ciMethod java/lang/String length ()I 4097 1 36985 0 64
ciMethod java/lang/String charAt (I)C 4097 1 92589 0 128
ciMethod java/lang/String equals (Ljava/lang/Object;)Z 2049 10033 2305 0 -1
ciMethod java/lang/String hashCode ()I 2761 32769 1488 0 288
ciMethod java/lang/String indexOf (II)I 945 24961 1144 0 384
ciMethod java/lang/String indexOfSupplementary (II)I 0 0 1 0 -1
ciMethod java/lang/String substring (I)Ljava/lang/String; 3225 1 1866 0 0
ciMethod java/lang/String substring (II)Ljava/lang/String; 2057 1 2526 0 0
ciMethod java/lang/System arraycopy (Ljava/lang/Object;ILjava/lang/Object;II)V 7169 1 896 0 -1
ciMethod java/lang/StringBuilder <init> ()V 585 1 2809 0 -1
ciMethod java/lang/StringBuilder append (Ljava/lang/String;)Ljava/lang/StringBuilder; 1121 1 6332 0 -1
ciMethod java/lang/StringBuilder append (C)Ljava/lang/StringBuilder; 2049 1 1668 0 -1
ciMethod java/lang/StringBuilder toString ()Ljava/lang/String; 601 1 2820 0 -1
ciMethod java/lang/Math min (II)I 3529 1 25653 0 -1
ciMethod java/util/HashMap hash (Ljava/lang/Object;)I 2049 1 37089 0 0
ciMethod java/util/HashMap get (Ljava/lang/Object;)Ljava/lang/Object; 2129 1 18430 0 1920
ciMethod java/util/HashMap getNode (ILjava/lang/Object;)Ljava/util/HashMap$Node; 2081 25 9002 0 1632
ciMethod java/util/HashMap put (Ljava/lang/Object;Ljava/lang/Object;)Ljava/lang/Object; 2193 1 7377 0 -1
ciMethod java/util/Arrays copyOfRange ([CII)[C 2049 1 5401 0 512
ciMethodData java/lang/String charAt (I)C 2 92589 orig 264 136 112 93 109 0 0 0 0 56 61 222 20 0 0 0 0 120 1 0 0 32 0 0 0 0 0 0 0 0 0 0 0 0 0 0 0 0 0 0 0 0 0 0 0 0 0 0 0 0 0 0 0 0 0 0 0 0 0 0 0 0 0 0 0 0 0 0 0 0 0 0 0 0 0 0 0 0 0 0 0 77 68 79 32 101 120 116 114 97 32 100 97 116 97 32 108 111 99 107 0 0 0 0 0 0 0 0 0 0 0 0 0 0 0 0 0 0 0 0 0 0 0 0 0 0 0 0 0 0 0 0 0 0 0 0 0 0 0 0 0 0 0 0 0 0 0 0 0 0 0 0 0 0 0 0 0 0 0 0 0 0 0 0 0 0 0 0 0 0 0 0 0 0 0 0 0 0 0 0 0 0 0 0 0 0 0 0 0 0 0 0 0 0 0 0 0 0 0 0 0 0 0 0 0 0 0 0 0 0 0 0 0 0 0 0 0 0 2 0 0 105 61 11 0 1 0 0 0 0 0 0 0 0 0 0 0 2 0 0 0 0 0 0 0 0 0 0 0 80 0 0 0 255 255 255 255 7 0 1 0 0 0 0 0 data 10 0x10007 0x0 0x40 0x167ad 0xa0007 0x167ad 0x30 0x0 0x120002 0x0 oops 0
ciMethodData java/lang/String length ()I 2 36985 orig 264 136 112 93 109 0 0 0 0 232 59 222 20 0 0 0 0 32 1 0 0 0 0 0 0 0 0 0 0 0 0 0 0 0 0 0 0 0 0 0 0 0 0 0 0 0 0 0 0 0 0 0 0 0 0 0 0 0 0 0 0 0 0 0 0 0 0 0 0 0 0 0 0 0 0 0 0 0 0 0 0 77 68 79 32 101 120 116 114 97 32 100 97 116 97 32 108 111 99 107 0 0 0 0 0 0 0 0 0 0 0 0 0 0 0 0 0 0 0 0 0 0 0 0 0 0 0 0 0 0 0 0 0 0 0 0 0 0 0 0 0 0 0 0 0 0 0 0 0 0 0 0 0 0 0 0 0 0 0 0 0 0 0 0 0 0 0 0 0 0 0 0 0 0 0 0 0 0 0 0 0 0 0 0 0 0 0 0 0 0 0 0 0 0 0 0 0 0 0 0 0 0 0 0 0 0 0 0 0 0 0 0 0 0 0 0 0 0 2 0 0 201 115 4 0 1 0 0 0 0 0 0 0 0 0 0 0 2 0 0 0 0 0 0 0 0 0 0 0 0 0 0 0 255 255 255 255 0 0 0 0 0 0 0 0 data 0 oops 0
ciMethodData java/lang/Object <init> ()V 2 219691 orig 264 136 112 93 109 0 0 0 0 136 4 222 20 0 0 0 0 32 1 0 0 0 0 0 0 0 0 0 0 0 0 0 0 0 0 0 0 0 0 0 0 0 0 0 0 0 0 0 0 0 0 0 0 0 0 0 0 0 0 0 0 0 0 0 0 0 0 0 0 0 0 0 0 0 0 0 0 0 0 0 0 77 68 79 32 101 120 116 114 97 32 100 97 116 97 32 108 111 99 107 0 0 0 0 0 0 0 0 0 0 0 0 0 0 0 0 0 0 0 0 0 0 0 0 0 0 0 0 0 0 0 0 0 0 0 0 0 0 0 0 0 0 0 0 0 0 0 0 0 0 0 0 0 0 0 0 0 0 0 0 0 0 0 0 0 0 0 0 0 0 0 0 0 0 0 0 0 0 0 0 0 0 0 0 0 1 0 0 0 0 0 0 0 1 0 0 0 0 0 0 0 1 0 0 0 0 0 0 0 0 0 0 0 0 0 0 0 0 2 0 0 89 193 26 0 1 0 0 0 0 0 0 0 0 0 0 0 2 0 0 0 0 0 3 0 1 0 0 0 0 0 0 0 255 255 255 255 0 0 0 0 0 0 0 0 data 0 oops 0
ciMethod java/util/HashMap$TreeNode getTreeNode (ILjava/lang/Object;)Ljava/util/HashMap$TreeNode; 0 0 1 0 -1
ciMethod java/util/BitSet set (I)V 2489 1 5460 0 -1
ciMethodData java/lang/String hashCode ()I 2 21012 orig 264 136 112 93 109 0 0 0 0 128 79 222 20 0 0 0 0 152 1 0 0 32 0 0 0 0 0 0 0 0 0 0 0 0 0 0 0 0 0 0 0 0 0 0 0 0 0 0 0 0 0 0 0 0 0 0 0 0 0 0 0 0 0 0 0 0 0 0 0 0 0 0 0 0 0 0 0 0 0 0 0 77 68 79 32 101 120 116 114 97 32 100 97 116 97 32 108 111 99 107 0 0 0 0 0 0 0 0 0 0 0 0 0 0 0 0 0 0 0 0 0 0 0 0 0 0 0 0 0 0 0 0 0 0 0 0 0 0 0 0 0 0 0 0 0 0 0 0 0 0 0 0 0 0 0 0 0 0 0 0 0 0 0 0 0 0 0 0 0 0 0 0 0 0 0 0 0 0 0 0 0 0 0 0 0 1 0 0 0 0 0 0 0 0 0 0 0 0 0 0 0 1 0 0 0 0 0 0 0 0 0 0 0 0 0 0 0 0 16 0 0 185 35 0 0 161 16 2 0 0 0 0 0 0 0 0 0 2 0 0 0 1 0 11 0 2 0 0 0 120 0 0 0 255 255 255 255 7 0 6 0 0 0 0 0 data 15 0x60007 0x180 0x78 0x2f7 0xe0007 0x1 0x58 0x2f6 0x1e0007 0x2f6 0x38 0x4210 0x2d0003 0x4210 0xffffffffffffffe0 oops 0
ciMethodData java/lang/String indexOf (II)I 2 18778 orig 264 136 112 93 109 0 0 0 0 0 81 222 20 0 0 0 0 16 2 0 0 88 0 0 0 0 0 0 0 0 0 0 0 0 0 0 0 0 0 0 0 0 0 0 0 0 0 0 0 0 0 0 0 0 0 0 0 0 0 0 0 0 0 0 0 0 0 0 0 0 0 0 0 0 0 0 0 0 0 0 0 77 68 79 32 101 120 116 114 97 32 100 97 116 97 32 108 111 99 107 0 0 0 0 0 0 0 0 0 0 0 0 0 0 0 0 0 0 0 0 0 0 0 0 0 0 0 0 0 0 0 0 0 0 0 0 0 0 0 0 0 0 0 0 0 0 0 0 0 0 0 0 0 0 0 0 0 0 0 0 0 0 0 0 0 0 0 0 0 0 0 0 0 0 0 0 0 0 0 0 0 0 0 0 0 0 0 0 0 0 0 0 0 0 0 0 0 0 0 0 0 0 0 0 0 0 0 0 0 0 0 0 0 0 0 0 0 48 12 0 0 17 32 0 0 81 233 1 0 0 0 0 0 0 0 0 0 2 0 0 0 1 0 15 0 2 0 0 0 224 0 0 0 255 255 255 255 7 0 7 0 0 0 0 0 data 28 0x70007 0x402 0x38 0x0 0xc0003 0x0 0x38 0x110007 0x1c4 0x20 0x23e 0x190007 0x0 0x78 0x1c4 0x280007 0x1ba 0x58 0x3d34 0x310007 0x3d2a 0x20 0xa 0x3a0003 0x3d2a 0xffffffffffffffc0 0x420002 0x0 oops 0
ciMethodData java/util/Arrays copyOfRange ([CII)[C 2 5401 orig 264 136 112 93 109 0 0 0 0 56 65 239 20 0 0 0 0 120 2 0 0 240 0 0 0 0 0 0 0 0 0 0 0 0 0 0 0 0 0 0 0 0 0 0 0 0 0 0 0 0 0 0 0 0 0 0 0 0 0 0 0 0 0 0 0 0 0 0 0 0 0 0 0 0 0 0 0 0 0 0 0 77 68 79 32 101 120 116 114 97 32 100 97 116 97 32 108 111 99 107 0 0 0 0 0 0 0 0 0 0 0 0 0 0 0 0 0 0 0 0 0 0 0 0 0 0 0 0 0 0 0 0 0 0 0 0 0 0 0 0 0 0 0 0 0 0 0 0 0 0 0 0 0 0 0 0 0 0 0 0 0 0 0 0 0 0 0 0 0 0 0 0 0 0 0 0 0 0 0 0 0 0 0 0 0 0 0 0 0 0 0 0 0 0 0 0 0 0 0 0 0 0 0 0 0 0 0 0 0 0 0 0 0 0 0 0 0 0 1 0 0 201 160 0 0 1 0 0 0 0 0 0 0 0 0 0 0 2 0 0 0 0 0 9 0 2 0 0 0 32 1 0 0 255 255 255 255 7 0 5 0 0 0 0 0 data 36 0x50007 0x141b 0x100 0x0 0x100002 0x0 0x140005 0x0 0x0 0x0 0x0 0x0 0x190005 0x0 0x0 0x0 0x0 0x0 0x1d0005 0x0 0x0 0x0 0x0 0x0 0x200005 0x0 0x0 0x0 0x0 0x0 0x230002 0x0 0x360002 0x141b 0x390002 0x141a oops 0
ciMethodData java/lang/String <init> ([CII)V 2 5402 orig 264 136 112 93 109 0 0 0 0 64 49 222 20 0 0 0 0 16 2 0 0 144 0 0 0 0 0 0 0 0 0 0 0 0 0 0 0 0 0 0 0 0 0 0 0 0 0 0 0 0 0 0 0 0 0 0 0 0 0 0 0 0 0 0 0 0 0 0 0 0 0 0 0 0 0 0 0 0 0 0 0 77 68 79 32 101 120 116 114 97 32 100 97 116 97 32 108 111 99 107 0 0 0 0 0 0 0 0 0 0 0 0 0 0 0 0 0 0 0 0 0 0 0 0 0 0 0 0 0 0 0 0 0 0 0 0 0 0 0 0 0 0 0 0 0 0 0 0 0 0 0 0 0 0 0 0 0 0 0 0 0 0 0 0 0 0 0 0 0 0 0 0 0 0 0 0 0 0 0 0 0 0 0 0 0 0 0 0 0 0 0 0 0 0 0 0 0 0 0 0 0 0 0 0 0 0 0 0 0 0 0 0 0 0 0 0 0 250 0 0 0 1 161 0 0 1 0 0 0 0 0 0 0 0 0 0 0 2 0 0 0 0 0 9 0 2 0 0 0 176 0 0 0 255 255 255 255 2 0 1 0 0 0 0 0 data 22 0x10002 0x1420 0x50007 0x1422 0x30 0x0 0xd0002 0x0 0x120007 0x1421 0x30 0x0 0x1a0002 0x0 0x230007 0x1420 0x30 0x0 0x2d0002 0x0 0x370002 0x1420 oops 0
ciMethodData java/util/HashMap hash (Ljava/lang/Object;)I 2 37089 orig 264 136 112 93 109 0 0 0 0 112 184 237 20 0 0 0 0 176 1 0 0 32 0 0 0 0 0 0 0 0 0 0 0 0 0 0 0 0 0 0 0 0 0 0 0 0 0 0 0 0 0 0 0 0 0 0 0 0 0 0 0 0 0 0 0 0 0 0 0 0 0 0 0 0 0 0 0 0 0 0 0 77 68 79 32 101 120 116 114 97 32 100 97 116 97 32 108 111 99 107 0 0 0 0 0 0 0 0 0 0 0 0 0 0 0 0 0 0 0 0 0 0 0 0 0 0 0 0 0 0 0 0 0 0 0 0 0 0 0 0 0 0 0 0 0 0 0 0 0 0 0 0 0 0 0 0 0 0 0 0 0 0 0 0 0 0 0 0 0 0 0 0 0 0 0 0 0 0 0 0 0 0 0 0 0 0 0 0 0 0 0 0 0 0 0 0 0 0 0 0 0 0 0 0 0 0 0 0 0 0 0 0 0 0 0 0 0 0 1 0 0 9 127 4 0 1 0 0 0 0 0 0 0 0 0 0 0 2 0 0 0 0 0 6 0 2 0 0 0 104 0 0 0 255 255 255 255 7 0 1 0 0 0 0 0 data 13 0x10007 0x8fe1 0x38 0x0 0x50003 0x0 0x48 0x90005 0x5359 0x30886c0 0x1896 0x16e5bf50 0x1dc oops 2 9 java/lang/String 11 java/util/jar/Attributes$Name
ciMethodData java/util/HashMap getNode (ILjava/lang/Object;)Ljava/util/HashMap$Node; 2 9002 orig 264 136 112 93 109 0 0 0 0 32 194 237 20 0 0 0 0 8 4 0 0 176 1 0 0 0 0 0 0 0 0 0 0 0 0 0 0 0 0 0 0 0 0 0 0 0 0 0 0 0 0 0 0 0 0 0 0 0 0 0 0 0 0 0 0 0 0 0 0 0 0 0 0 0 0 0 0 0 0 0 0 77 68 79 32 101 120 116 114 97 32 100 97 116 97 32 108 111 99 107 0 0 0 0 0 0 0 0 0 0 0 0 0 0 0 0 0 0 0 0 0 0 0 0 0 0 0 0 0 0 0 0 0 0 0 0 0 0 0 0 0 0 0 0 0 0 0 0 0 0 0 0 0 0 0 0 0 0 0 0 0 0 0 0 0 0 0 0 0 0 0 0 0 0 0 0 0 0 0 0 0 0 0 0 0 0 0 0 0 0 0 0 0 0 0 0 0 0 0 0 0 0 0 0 0 0 0 0 0 0 0 0 0 0 0 0 0 4 1 0 0 49 17 1 0 9 3 0 0 0 0 0 0 0 0 0 0 2 0 0 0 1 0 37 0 2 0 0 0 176 2 0 0 255 255 255 255 7 0 6 0 0 0 0 0 data 86 0x60007 0xe23 0x2b0 0x1404 0xe0007 0x0 0x290 0x1404 0x1c0007 0x5b2 0x270 0xe52 0x250007 0x2bb 0xb0 0xb97 0x310007 0x1e1 0x90 0x9b6 0x350007 0x0 0x70 0x9b6 0x3b0005 0x5fb 0x15785180 0x142 0x30886c0 0x279 0x3e0007 0x24 0x20 0x991 0x4c0007 0xf5 0x1a0 0x1ea 0x510004 0xfffffffffffffe16 0x16e59c90 0x3 0x0 0x0 0x540007 0x1ea 0x80 0x0 0x590004 0x0 0x0 0x0 0x0 0x0 0x5e0005 0x0 0x0 0x0 0x0 0x0 0x680007 0x5c 0xb0 0x1c3 0x740007 0x38 0x90 0x18b 0x780007 0x0 0x70 0x18b 0x7e0005 0x0 0x30886c0 0x82 0x1835adf0 0x109 0x810007 0x7 0x20 0x184 0x8f0007 0x35 0xffffffffffffff50 0x2e oops 5 26 java/security/CodeSource 28 java/lang/String 40 java/util/HashMap$Node 74 java/lang/String 76 com/android/dx/rop/code/RegisterSpec$ForComparison
ciMethodData java/util/HashMap get (Ljava/lang/Object;)Ljava/lang/Object; 2 18430 orig 264 136 112 93 109 0 0 0 0 240 192 237 20 0 0 0 0 200 1 0 0 0 0 0 0 0 0 0 0 0 0 0 0 0 0 0 0 0 0 0 0 0 0 0 0 0 0 0 0 0 0 0 0 0 0 0 0 0 0 0 0 0 0 0 0 0 0 0 0 0 0 0 0 0 0 0 0 0 0 0 0 77 68 79 32 101 120 116 114 97 32 100 97 116 97 32 108 111 99 107 0 0 0 0 0 0 0 0 0 0 0 0 0 0 0 0 0 0 0 0 0 0 0 0 0 0 0 0 0 0 0 0 0 0 0 0 0 0 0 0 0 0 0 0 0 0 0 0 0 0 0 0 0 0 0 0 0 0 0 0 0 0 0 0 0 0 0 0 0 0 0 0 0 0 0 0 0 0 0 0 0 0 0 0 0 0 0 0 0 0 0 0 0 0 0 0 0 0 0 0 0 0 0 0 0 0 0 0 0 0 0 0 0 0 0 0 0 10 1 0 0 161 55 2 0 1 0 0 0 0 0 0 0 0 0 0 0 2 0 0 0 0 0 10 0 2 0 0 0 120 0 0 0 255 255 255 255 2 0 2 0 0 0 0 0 data 15 0x20002 0x46f7 0x60005 0x1 0x178b8d90 0x46f3 0x0 0x0 0xb0007 0x2da3 0x38 0x194f 0xf0003 0x194f 0x18 oops 1 4 java/util/HashMap
ciMethodData java/lang/String substring (II)Ljava/lang/String; 2 2526 orig 264 136 112 93 109 0 0 0 0 56 92 222 20 0 0 0 0 40 2 0 0 208 0 0 0 0 0 0 0 0 0 0 0 0 0 0 0 0 0 0 0 0 0 0 0 0 0 0 0 0 0 0 0 0 0 0 0 0 0 0 0 0 0 0 0 0 0 0 0 0 0 0 0 0 0 0 0 0 0 0 0 77 68 79 32 101 120 116 114 97 32 100 97 116 97 32 108 111 99 107 0 0 0 0 0 0 0 0 0 0 0 0 0 0 0 0 0 0 0 0 0 0 0 0 0 0 0 0 0 0 0 0 0 0 0 0 0 0 0 0 0 0 0 0 0 0 0 0 0 0 0 0 0 0 0 0 0 0 0 0 0 0 0 0 0 0 0 0 0 0 0 0 0 0 0 0 0 0 0 0 0 0 0 0 0 0 0 0 0 0 0 0 0 0 0 0 0 0 0 0 0 0 0 0 0 0 0 0 0 0 0 0 0 0 0 0 0 1 1 0 0 233 70 0 0 1 0 0 0 0 0 0 0 0 0 0 0 2 0 0 0 0 0 15 0 2 0 0 0 248 0 0 0 255 255 255 255 7 0 1 0 0 0 0 0 data 31 0x10007 0x8dd 0x30 0x0 0x90002 0x0 0x130007 0x8dd 0x30 0x0 0x1b0002 0x0 0x240007 0x8de 0x30 0x0 0x2c0002 0x0 0x310007 0x2ab 0x58 0x633 0x3a0007 0x4fa 0x38 0x139 0x3e0003 0x139 0x28 0x4b0002 0x7a4 oops 0
ciMethodData java/lang/String substring (I)Ljava/lang/String; 2 1883 orig 264 136 112 93 109 0 0 0 0 80 91 222 20 0 0 0 0 208 1 0 0 128 0 0 0 0 0 0 0 0 0 0 0 0 0 0 0 0 0 0 0 0 0 0 0 0 0 0 0 0 0 0 0 0 0 0 0 0 0 0 0 0 0 0 0 0 0 0 0 0 0 0 0 0 0 0 0 0 0 0 0 77 68 79 32 101 120 116 114 97 32 100 97 116 97 32 108 111 99 107 0 0 0 0 0 0 0 0 0 0 0 0 0 0 0 0 0 0 0 0 0 0 0 0 0 0 0 0 0 0 0 0 0 0 0 0 0 0 0 0 0 0 0 0 0 0 0 0 0 0 0 0 0 0 0 0 0 0 0 0 0 0 0 0 0 0 0 0 0 0 0 0 0 0 0 0 0 0 0 0 0 0 0 0 0 0 0 0 0 0 0 0 0 0 0 0 0 0 0 0 0 0 0 0 0 0 0 0 0 0 0 0 0 0 0 0 0 147 1 0 0 65 46 0 0 1 0 0 0 0 0 0 0 0 0 0 0 2 0 0 0 0 0 10 0 2 0 0 0 168 0 0 0 255 255 255 255 7 0 1 0 0 0 0 0 data 21 0x10007 0x5c8 0x30 0x0 0x90002 0x0 0x160007 0x5c8 0x30 0x0 0x1e0002 0x0 0x230007 0x5c7 0x38 0x0 0x270003 0x0 0x28 0x340002 0x5c7 oops 0
ciMethod com/android/dx/rop/cst/Constant <init> ()V 2161 1 5937 0 0
ciMethod com/android/dx/rop/cst/CstType <init> (Lcom/android/dx/rop/type/Type;)V 457 1 441 0 -1
ciMethod com/android/dx/rop/cst/TypedConstant <init> ()V 4097 1 4730 0 0
ciMethod com/android/dx/util/ByteArray getInt (I)I 665 1 1503 0 -1
ciMethod com/android/dx/util/ByteArray getLong (I)J 0 0 1 0 -1
ciMethod com/android/dx/util/ByteArray getUnsignedByte (I)I 2345 1 32865 0 224
ciMethod com/android/dx/util/ByteArray getUnsignedShort (I)I 2081 1 12813 0 288
ciMethod com/android/dx/util/ByteArray checkOffsets (II)V 2049 1 6006 0 128
ciMethod com/android/dx/util/ByteArray getUnsignedByte0 (I)I 2049 1 66440 0 96
ciMethod com/android/dx/cf/cst/ConstantPoolParser parse0 (ILjava/util/BitSet;)Lcom/android/dx/rop/cst/Constant; 3193 1 5533 0 -1
ciMethod com/android/dx/cf/cst/ConstantPoolParser parseUtf8 (I)Lcom/android/dx/rop/cst/CstString; 2081 1 2757 0 -1
ciMethod com/android/dx/rop/cst/CstString getString ()Ljava/lang/String; 1025 1 128 0 0
ciMethod com/android/dx/rop/cst/CstInteger make (I)Lcom/android/dx/rop/cst/CstInteger; 537 1 466 0 -1
ciMethod com/android/dx/rop/cst/CstFieldRef <init> (Lcom/android/dx/rop/cst/CstType;Lcom/android/dx/rop/cst/CstNat;)V 73 1 150 0 -1
ciMethod com/android/dx/rop/cst/CstMemberRef <init> (Lcom/android/dx/rop/cst/CstType;Lcom/android/dx/rop/cst/CstNat;)V 233 1 1176 0 0
ciMethod com/android/dx/rop/cst/CstMemberRef getNat ()Lcom/android/dx/rop/cst/CstNat; 3425 1 428 0 0
ciMethod com/android/dx/rop/cst/CstMethodRef <init> (Lcom/android/dx/rop/cst/CstType;Lcom/android/dx/rop/cst/CstNat;)V 161 1 879 0 -1
ciMethod com/android/dx/rop/cst/CstBaseMethodRef <init> (Lcom/android/dx/rop/cst/CstType;Lcom/android/dx/rop/cst/CstNat;)V 161 1 1022 0 0
ciMethod com/android/dx/rop/cst/CstInterfaceMethodRef <init> (Lcom/android/dx/rop/cst/CstType;Lcom/android/dx/rop/cst/CstNat;)V 897 1 109 0 0
ciMethod com/android/dx/rop/cst/CstNat <init> (Lcom/android/dx/rop/cst/CstString;Lcom/android/dx/rop/cst/CstString;)V 985 1 1100 0 0
ciMethod com/android/dx/rop/cst/CstNat getDescriptor ()Lcom/android/dx/rop/cst/CstString; 1281 1 160 0 0
ciMethod com/android/dx/rop/cst/StdConstantPool getOrNull (I)Lcom/android/dx/rop/cst/Constant; 2049 1 9422 0 96
ciMethod com/android/dx/rop/cst/StdConstantPool set (ILcom/android/dx/rop/cst/Constant;)V 2921 1 4710 0 -1
ciMethod com/android/dx/rop/cst/StdConstantPool throwInvalid (I)Lcom/android/dx/rop/cst/Constant; 0 0 1 0 -1
ciMethod com/android/dx/util/MutabilityControl <init> (Z)V 4097 1 22076 0 32
ciMethod com/android/dx/rop/type/Type intern (Ljava/lang/String;)Lcom/android/dx/rop/type/Type; 4097 13777 2170 0 0
ciMethod com/android/dx/rop/type/Type internReturnType (Ljava/lang/String;)Lcom/android/dx/rop/type/Type; 1033 1 221 0 0
ciMethod com/android/dx/rop/type/Type internClassName (Ljava/lang/String;)Lcom/android/dx/rop/type/Type; 313 1 395 0 -1
ciMethod com/android/dx/rop/type/Type <init> (Ljava/lang/String;II)V 1105 1 290 0 0
ciMethod com/android/dx/rop/type/Type <init> (Ljava/lang/String;I)V 889 1 188 0 0
ciMethod com/android/dx/rop/type/Type getDescriptor ()Ljava/lang/String; 1033 1 129 0 -1
ciMethod com/android/dx/rop/type/Type getArrayType ()Lcom/android/dx/rop/type/Type; 193 1 30 0 0
ciMethod com/android/dx/rop/type/Type putIntern (Lcom/android/dx/rop/type/Type;)Lcom/android/dx/rop/type/Type; 1081 1 287 0 0
ciMethodData com/android/dx/util/ByteArray getUnsignedByte0 (I)I 2 66924 orig 264 136 112 93 109 0 0 0 0 160 150 33 21 0 0 0 0 40 1 0 0 0 0 0 0 0 0 0 0 0 0 0 0 0 0 0 0 0 0 0 0 0 0 0 0 0 0 0 0 0 0 0 0 0 0 0 0 0 0 0 0 0 0 0 0 0 0 0 0 0 0 0 0 0 0 0 0 0 0 0 0 77 68 79 32 101 120 116 114 97 32 100 97 116 97 32 108 111 99 107 0 0 0 0 0 0 0 0 0 0 0 0 0 0 0 0 0 0 0 0 0 0 0 0 0 0 0 0 0 0 0 0 0 0 0 0 0 0 0 0 0 0 0 0 0 0 0 0 0 0 0 0 0 0 0 0 0 0 0 0 0 0 0 0 0 0 0 0 0 0 0 0 0 0 0 0 0 0 0 0 0 0 0 0 0 1 0 0 0 0 0 0 0 0 0 0 0 0 0 0 0 1 0 0 0 0 0 0 0 0 0 0 0 0 0 0 0 0 1 0 0 97 35 8 0 1 0 0 0 0 0 0 0 0 0 0 0 2 0 0 0 0 0 3 0 1 0 0 0 0 0 0 0 255 255 255 255 0 0 0 0 0 0 0 0 data 0 oops 0
ciMethodData com/android/dx/util/ByteArray checkOffsets (II)V 2 6006 orig 264 136 112 93 109 0 0 0 0 24 149 33 21 0 0 0 0 40 3 0 0 64 0 0 0 0 0 0 0 0 0 0 0 0 0 0 0 0 0 0 0 0 0 0 0 0 0 0 0 0 0 0 0 0 0 0 0 0 0 0 0 0 0 0 0 0 0 0 0 0 0 0 0 0 0 0 0 0 0 0 0 77 68 79 32 101 120 116 114 97 32 100 97 116 97 32 108 111 99 107 0 0 0 0 0 0 0 0 0 0 0 0 0 0 0 0 0 0 0 0 0 0 0 0 0 0 0 0 0 0 0 0 0 0 0 0 0 0 0 0 0 0 0 0 0 0 0 0 0 0 0 0 0 0 0 0 0 0 0 0 0 0 0 0 0 0 0 0 0 0 0 0 0 0 0 0 0 0 0 0 0 0 0 0 0 25 0 0 0 0 0 0 0 0 0 0 0 0 0 0 0 1 0 0 0 0 0 0 0 0 0 0 0 0 0 0 0 0 1 0 0 177 179 0 0 1 0 0 0 0 0 0 0 0 0 0 0 2 0 0 0 0 0 10 0 2 0 0 0 208 1 0 0 255 255 255 255 7 0 1 0 0 0 0 0 data 58 0x10007 0x0 0x60 0x1676 0x60007 0x0 0x40 0x1676 0xe0007 0x1676 0x190 0x0 0x190002 0x0 0x1e0005 0x0 0x0 0x0 0x0 0x0 0x220005 0x0 0x0 0x0 0x0 0x0 0x270005 0x0 0x0 0x0 0x0 0x0 0x2b0005 0x0 0x0 0x0 0x0 0x0 0x300005 0x0 0x0 0x0 0x0 0x0 0x370005 0x0 0x0 0x0 0x0 0x0 0x3a0005 0x0 0x0 0x0 0x0 0x0 0x3d0002 0x0 oops 0
ciMethodData com/android/dx/util/ByteArray getUnsignedByte (I)I 2 32902 orig 264 136 112 93 109 0 0 0 0 88 146 33 21 0 0 0 0 72 1 0 0 0 0 0 0 0 0 0 0 0 0 0 0 0 0 0 0 0 0 0 0 0 0 0 0 0 0 0 0 0 0 0 0 0 0 0 0 0 0 0 0 0 0 0 0 0 0 0 0 0 0 0 0 0 0 0 0 0 0 0 0 77 68 79 32 101 120 116 114 97 32 100 97 116 97 32 108 111 99 107 0 0 0 0 0 0 0 0 0 0 0 0 0 0 0 0 0 0 0 0 0 0 0 0 0 0 0 0 0 0 0 0 0 0 0 0 0 0 0 0 0 0 0 0 0 0 0 0 0 0 0 0 0 0 0 0 0 0 0 0 0 0 0 0 0 0 0 0 0 0 0 0 0 0 0 0 0 0 0 0 0 0 0 0 0 17 0 0 0 0 0 0 0 0 0 0 0 0 0 0 0 1 0 0 0 0 0 0 0 0 0 0 0 0 0 0 0 37 1 0 0 241 250 3 0 1 0 0 0 0 0 0 0 0 0 0 0 2 0 0 0 0 0 3 0 2 0 0 0 32 0 0 0 255 255 255 255 2 0 5 0 0 0 0 0 data 4 0x50002 0x7f60 0xa0002 0x7f61 oops 0
ciMethod com/android/dx/rop/type/StdTypeList <init> (I)V 4097 1 1900 0 0
ciMethod com/android/dx/rop/type/StdTypeList set (ILcom/android/dx/rop/type/Type;)V 3361 1 936 0 -1
ciMethod com/android/dx/util/FixedSizeList <init> (I)V 4097 1 8928 0 256
ciMethod com/android/dx/rop/type/Prototype intern (Ljava/lang/String;)Lcom/android/dx/rop/type/Prototype; 833 953 1405 0 0
ciMethod com/android/dx/rop/type/Prototype makeParameterArray (Ljava/lang/String;)[Lcom/android/dx/rop/type/Type; 1033 22505 221 0 0
ciMethod com/android/dx/rop/type/Prototype <init> (Ljava/lang/String;Lcom/android/dx/rop/type/Type;Lcom/android/dx/rop/type/StdTypeList;)V 4097 1 1484 0 -1
ciMethod com/android/dx/rop/type/Prototype putIntern (Lcom/android/dx/rop/type/Prototype;)Lcom/android/dx/rop/type/Prototype; 4097 1 1485 0 -1
ciMethodData com/android/dx/util/ByteArray getUnsignedShort (I)I 2 13069 orig 264 136 112 93 109 0 0 0 0 32 147 33 21 0 0 0 0 88 1 0 0 0 0 0 0 0 0 0 0 0 0 0 0 0 0 0 0 0 0 0 0 0 0 0 0 0 0 0 0 0 0 0 0 0 0 0 0 0 0 0 0 0 0 0 0 0 0 0 0 0 0 0 0 0 0 0 0 0 0 0 0 77 68 79 32 101 120 116 114 97 32 100 97 116 97 32 108 111 99 107 0 0 0 0 0 0 0 0 0 0 0 0 0 0 0 0 0 0 0 0 0 0 0 0 0 0 0 0 0 0 0 0 0 0 0 0 0 0 0 0 0 0 0 0 0 0 0 0 0 0 0 0 0 0 0 0 0 0 0 0 0 0 0 0 0 0 0 0 0 0 0 0 0 0 0 0 0 0 0 0 0 0 0 0 0 0 0 0 0 0 0 0 0 0 0 0 0 0 0 0 0 0 0 0 0 0 0 0 0 0 0 0 0 0 0 0 0 4 1 0 0 73 144 1 0 1 0 0 0 0 0 0 0 0 0 0 0 2 0 0 0 0 0 3 0 2 0 0 0 48 0 0 0 255 255 255 255 2 0 5 0 0 0 0 0 data 6 0x50002 0x320a 0xa0002 0x320c 0x140002 0x320a oops 0
ciMethodData com/android/dx/rop/cst/StdConstantPool getOrNull (I)Lcom/android/dx/rop/cst/Constant; 2 9422 orig 264 136 112 93 109 0 0 0 0 56 109 34 21 0 0 0 0 96 1 0 0 0 0 0 0 0 0 0 0 0 0 0 0 0 0 0 0 0 0 0 0 0 0 0 0 0 0 0 0 0 0 0 0 0 0 0 0 0 0 0 0 0 0 0 0 0 0 0 0 0 0 0 0 0 0 0 0 0 0 0 0 77 68 79 32 101 120 116 114 97 32 100 97 116 97 32 108 111 99 107 0 0 0 0 0 0 0 0 0 0 0 0 0 0 0 0 0 0 0 0 0 0 0 0 0 0 0 0 0 0 0 0 0 0 0 0 0 0 0 0 0 0 0 0 0 0 0 0 0 0 0 0 0 0 0 0 0 0 0 0 0 0 0 0 0 0 0 0 0 0 0 0 0 0 0 0 0 0 0 0 0 0 0 0 0 0 0 0 0 0 0 0 0 0 0 0 0 0 0 0 0 0 0 0 0 0 0 0 0 0 0 0 0 0 0 0 0 0 1 0 0 113 30 1 0 1 0 0 0 0 0 0 0 0 0 0 0 2 0 0 0 0 0 5 0 2 0 0 0 16 0 0 0 255 255 255 255 2 0 9 0 0 0 0 0 data 2 0x90002 0x0 oops 0
ciMethodData com/android/dx/rop/cst/Constant <init> ()V 2 5937 orig 264 136 112 93 109 0 0 0 0 144 154 31 21 0 0 0 0 48 1 0 0 0 0 0 0 0 0 0 0 0 0 0 0 0 0 0 0 0 0 0 0 0 0 0 0 0 0 0 0 0 0 0 0 0 0 0 0 0 0 0 0 0 0 0 0 0 0 0 0 0 0 0 0 0 0 0 0 0 0 0 0 77 68 79 32 101 120 116 114 97 32 100 97 116 97 32 108 111 99 107 0 0 0 0 0 0 0 0 0 0 0 0 0 0 0 0 0 0 0 0 0 0 0 0 0 0 0 0 0 0 0 0 0 0 0 0 0 0 0 0 0 0 0 0 0 0 0 0 0 0 0 0 0 0 0 0 0 0 0 0 0 0 0 0 0 0 0 0 0 0 0 0 0 0 0 0 0 0 0 0 0 0 0 0 0 0 0 0 0 0 0 0 0 0 0 0 0 0 0 0 0 0 0 0 0 0 0 0 0 0 0 0 0 0 0 0 0 14 1 0 0 25 177 0 0 1 0 0 0 0 0 0 0 0 0 0 0 2 0 0 0 0 0 3 0 2 0 0 0 16 0 0 0 255 255 255 255 2 0 1 0 0 0 0 0 data 2 0x10002 0x1623 oops 0
ciMethodData com/android/dx/cf/cst/ConstantPoolParser parse0 (ILjava/util/BitSet;)Lcom/android/dx/rop/cst/Constant; 2 5533 orig 264 136 112 93 109 0 0 0 0 232 208 33 21 0 0 0 0 8 14 0 0 80 12 0 0 0 0 0 0 0 0 0 0 0 0 0 0 0 0 0 0 0 0 0 0 0 0 0 0 0 0 0 0 0 0 0 0 0 0 0 0 0 0 0 0 0 0 0 0 0 0 0 0 0 0 0 0 0 0 0 0 77 68 79 32 101 120 116 114 97 32 100 97 116 97 32 108 111 99 107 0 0 0 0 0 0 0 0 0 0 0 0 0 0 0 0 0 0 0 0 0 0 0 0 0 0 0 0 0 0 0 0 0 0 0 0 0 0 0 0 0 0 0 0 0 0 0 0 0 0 0 0 0 0 0 0 0 0 0 0 0 0 0 0 0 0 0 0 0 0 0 0 0 0 0 0 0 0 0 0 0 0 0 0 0 0 0 0 0 0 0 0 0 0 0 0 0 0 0 0 0 0 0 0 0 0 0 0 0 0 0 0 0 0 0 0 0 133 1 0 0 113 160 0 0 1 0 0 0 0 0 0 0 0 0 0 0 2 0 0 0 0 0 29 0 2 0 0 0 176 12 0 0 255 255 255 255 5 0 5 0 0 0 0 0 data 406 0x50005 0x95 0x17749f80 0x1379 0x0 0x0 0xa0007 0x10ff 0x20 0x30f 0x1d0005 0x83 0x1774a030 0x107c 0x0 0x0 0x240008 0x26 0x0 0x878 0x57 0x140 0x0 0x878 0x0 0x198 0x0 0x1f0 0x0 0x248 0x0 0x2a0 0xa 0x2f8 0x2 0x3d0 0x2 0x428 0xd 0x530 0x2 0x638 0xf 0x740 0x0 0x878 0x0 0x878 0x0 0x848 0x0 0x858 0x0 0x878 0x0 0x868 0x7f0002 0x9c4 0x850005 0x0 0x17748f80 0x9c4 0x0 0x0 0x880003 0x9c4 0x7b8 0x930005 0x0 0x1774a030 0x7 0x0 0x0 0x9a0002 0x7 0x9e0003 0x7 0x760 0xa90005 0x0 0x0 0x0 0x0 0x0 0xb00002 0x0 0xb40003 0x0 0x708 0xbf0005 0x0 0x0 0x0 0x0 0x0 0xc60002 0x0 0xca0003 0x0 0x6b0 0xd50005 0x0 0x0 0x0 0x0 0x0 0xdc0002 0x0 0xe00003 0x0 0x658 0xeb0005 0xa 0x1774a030 0x15a 0x0 0x0 0xf40002 0x164 0xf70004 0x0 0x1774a0e0 0x164 0x0 0x0 0x1020005 0xa 0x1774a0e0 0x15a 0x0 0x0 0x1050002 0x164 0x1080002 0x164 0x10c0003 0x163 0x580 0x1170005 0x2 0x1774a030 0xc3 0x0 0x0 0x1200002 0xc5 0x1240003 0xc5 0x528 0x12f0005 0x2 0x1774a030 0x47 0x0 0x0 0x1380002 0x49 0x13b0004 0x0 0x1774a190 0x49 0x0 0x0 0x1480005 0x2 0x1774a030 0x47 0x0 0x0 0x1510002 0x49 0x1540004 0x0 0x1774a240 0x49 0x0 0x0 0x1610002 0x49 0x1650003 0x49 0x420 0x1700005 0xd 0x1774a030 0x1df 0x0 0x0 0x1790002 0x1ec 0x17c0004 0x0 0x1774a190 0x1ec 0x0 0x0 0x1890005 0xd 0x1774a030 0x1df 0x0 0x0 0x1920002 0x1ec 0x1950004 0x0 0x1774a240 0x1ec 0x0 0x0 0x1a20002 0x1ec 0x1a60003 0x1ec 0x318 0x1b10005 0x2 0x1774a030 0x6b 0x0 0x0 0x1ba0002 0x6d 0x1bd0004 0x0 0x1774a190 0x6d 0x0 0x0 0x1ca0005 0x2 0x1774a030 0x6b 0x0 0x0 0x1d30002 0x6d 0x1d60004 0x0 0x1774a240 0x6d 0x0 0x0 0x1e30002 0x6d 0x1e70003 0x6d 0x210 0x1f20005 0xf 0x1774a030 0x25a 0x0 0x0 0x1fb0002 0x269 0x1fe0004 0x0 0x1774a0e0 0x269 0x0 0x0 0x20b0005 0xf 0x1774a030 0x25a 0x0 0x0 0x2140002 0x269 0x2170004 0x0 0x1774a0e0 0x269 0x0 0x0 0x2240002 0x269 0x2280003 0x269 0x108 0x2310002 0x0 0x23b0002 0x0 0x2450002 0x0 0x2510002 0x0 0x2560005 0x0 0x0 0x0 0x0 0x0 0x25b0002 0x0 0x25e0005 0x0 0x0 0x0 0x0 0x0 0x2610005 0x0 0x0 0x0 0x0 0x0 0x2640002 0x0 0x2680003 0x10fe 0x2c8 0x2730002 0x0 0x2780005 0x0 0x0 0x0 0x0 0x0 0x27c0002 0x0 0x27f0005 0x0 0x0 0x0 0x0 0x0 0x2840005 0x0 0x0 0x0 0x0 0x0 0x2890002 0x0 0x28c0005 0x0 0x0 0x0 0x0 0x0 0x28f0005 0x0 0x0 0x0 0x0 0x0 0x2920005 0x0 0x0 0x0 0x0 0x0 0x2a00002 0x0 0x2ab0002 0x0 0x2b00005 0x0 0x0 0x0 0x0 0x0 0x2b40002 0x0 0x2b70005 0x0 0x0 0x0 0x0 0x0 0x2bc0005 0x0 0x0 0x0 0x0 0x0 0x2c10002 0x0 0x2c40005 0x0 0x0 0x0 0x0 0x0 0x2c70005 0x0 0x0 0x0 0x0 0x0 0x2ca0005 0x0 0x0 0x0 0x0 0x0 0x2d60005 0x83 0x17749f80 0x107b 0x0 0x0 oops 25 2 com/android/dx/rop/cst/StdConstantPool 12 com/android/dx/util/ByteArray 60 java/util/BitSet 69 com/android/dx/util/ByteArray 113 com/android/dx/util/ByteArray 121 com/android/dx/rop/cst/CstString 127 com/android/dx/rop/cst/CstString 140 com/android/dx/util/ByteArray 151 com/android/dx/util/ByteArray 159 com/android/dx/rop/cst/CstType 165 com/android/dx/util/ByteArray 173 com/android/dx/rop/cst/CstNat 184 com/android/dx/util/ByteArray 192 com/android/dx/rop/cst/CstType 198 com/android/dx/util/ByteArray 206 com/android/dx/rop/cst/CstNat 217 com/android/dx/util/ByteArray 225 com/android/dx/rop/cst/CstType 231 com/android/dx/util/ByteArray 239 com/android/dx/rop/cst/CstNat 250 com/android/dx/util/ByteArray 258 com/android/dx/rop/cst/CstString 264 com/android/dx/util/ByteArray 272 com/android/dx/rop/cst/CstString 402 com/android/dx/rop/cst/StdConstantPool
ciMethodData com/android/dx/rop/cst/CstMemberRef <init> (Lcom/android/dx/rop/cst/CstType;Lcom/android/dx/rop/cst/CstNat;)V 2 1176 orig 264 136 112 93 109 0 0 0 0 168 56 34 21 0 0 0 0 160 1 0 0 48 0 0 0 0 0 0 0 0 0 0 0 0 0 0 0 0 0 0 0 0 0 0 0 0 0 0 0 0 0 0 0 0 0 0 0 0 0 0 0 0 0 0 0 0 0 0 0 0 0 0 0 0 0 0 0 0 0 0 0 77 68 79 32 101 120 116 114 97 32 100 97 116 97 32 108 111 99 107 0 0 0 0 0 0 0 0 0 0 0 0 0 0 0 0 0 0 0 0 0 0 0 0 0 0 0 0 0 0 0 0 0 0 0 0 0 0 0 0 0 0 0 0 0 0 0 0 0 0 0 0 0 0 0 0 0 0 0 0 0 0 0 0 0 0 0 0 0 0 0 0 0 0 0 0 0 0 0 0 0 0 0 0 0 0 0 0 0 0 0 0 0 0 0 0 0 0 0 0 0 0 0 0 0 0 0 0 0 0 0 0 0 0 0 0 0 29 0 0 0 217 35 0 0 1 0 0 0 0 0 0 0 0 0 0 0 2 0 0 0 0 0 7 0 2 0 0 0 112 0 0 0 255 255 255 255 2 0 1 0 0 0 0 0 data 14 0x10002 0x47b 0x50007 0x47b 0x30 0x0 0xe0002 0x0 0x130007 0x47b 0x30 0x0 0x1c0002 0x0 oops 0
ciMethodData com/android/dx/rop/cst/CstBaseMethodRef <init> (Lcom/android/dx/rop/cst/CstType;Lcom/android/dx/rop/cst/CstNat;)V 2 1022 orig 264 136 112 93 109 0 0 0 0 88 71 34 21 0 0 0 0 8 2 0 0 0 0 0 0 0 0 0 0 0 0 0 0 0 0 0 0 0 0 0 0 0 0 0 0 0 0 0 0 0 0 0 0 0 0 0 0 0 0 0 0 0 0 0 0 0 0 0 0 0 0 0 0 0 0 0 0 0 0 0 0 77 68 79 32 101 120 116 114 97 32 100 97 116 97 32 108 111 99 107 0 0 0 0 0 0 0 0 0 0 0 0 0 0 0 0 0 0 0 0 0 0 0 0 0 0 0 0 0 0 0 0 0 0 0 0 0 0 0 0 0 0 0 0 0 0 0 0 0 0 0 0 0 0 0 0 0 0 0 0 0 0 0 0 0 0 0 0 0 0 0 0 0 0 0 0 0 0 0 0 0 0 0 0 0 0 0 0 0 0 0 0 0 0 0 0 0 0 0 0 0 0 0 0 0 0 0 0 0 0 0 0 0 0 0 0 0 20 0 0 0 81 31 0 0 1 0 0 0 0 0 0 0 0 0 0 0 2 0 0 0 0 0 3 0 2 0 0 0 176 0 0 0 255 255 255 255 2 0 3 0 0 0 0 0 data 22 0x30002 0x3ea 0x70005 0x13a 0x1779b200 0x2a6 0x1779b5c0 0xa 0xa0005 0x13a 0x1774a240 0x2b0 0x0 0x0 0xd0005 0x13a 0x1774a0e0 0x2b0 0x0 0x0 0x130002 0x3ea oops 4 4 com/android/dx/rop/cst/CstMethodRef 6 com/android/dx/rop/cst/CstInterfaceMethodRef 10 com/android/dx/rop/cst/CstNat 16 com/android/dx/rop/cst/CstString
ciMethodData com/android/dx/rop/type/Prototype intern (Ljava/lang/String;)Lcom/android/dx/rop/type/Prototype; 2 1410 orig 264 136 112 93 109 0 0 0 0 208 175 35 21 0 0 0 0 232 4 0 0 8 3 0 0 0 0 0 0 0 0 0 0 0 0 0 0 0 0 0 0 0 0 0 0 0 0 0 0 0 0 0 0 0 0 0 0 0 0 0 0 0 0 0 0 0 0 0 0 0 0 0 0 0 0 0 0 0 0 0 0 77 68 79 32 101 120 116 114 97 32 100 97 116 97 32 108 111 99 107 0 0 0 0 0 0 0 0 0 0 0 0 0 0 0 0 0 0 0 0 0 0 0 0 0 0 0 0 0 0 0 0 0 0 0 0 0 0 0 0 0 0 0 0 0 0 0 0 0 0 0 0 0 0 0 0 0 0 0 0 0 0 0 0 0 0 0 0 0 0 0 0 0 0 0 0 0 0 0 0 0 0 0 0 0 0 0 0 0 0 0 0 0 0 0 0 0 0 0 0 0 0 0 0 0 0 0 0 0 0 0 0 0 0 0 0 0 119 0 0 0 209 40 0 0 81 14 0 0 0 0 0 0 0 0 0 0 2 0 0 0 3 0 63 0 2 0 0 0 160 3 0 0 255 255 255 255 7 0 1 0 0 0 0 0 data 116 0x10007 0x51a 0x30 0x0 0xa0002 0x0 0x180005 0x0 0x178b8d90 0x51a 0x0 0x0 0x1b0104 0x0 0x16ea5350 0x475 0x0 0x0 0x210003 0x51a 0x18 0x2a0007 0xa5 0x20 0x475 0x300002 0xa5 0x400005 0xb3 0x30886c0 0xcf 0x0 0x0 0x490007 0xdd 0x38 0xa5 0x4f0003 0xa5 0x1a0 0x560007 0xdd 0x68 0x10 0x5f0005 0x9 0x30886c0 0x7 0x0 0x0 0x640003 0x10 0xffffffffffffffb0 0x6b0007 0x25 0x98 0xb8 0x730005 0x52 0x30886c0 0x66 0x0 0x0 0x7b0007 0xb8 0x30 0x0 0x840002 0x0 0x8e0003 0xb8 0x18 0x9b0005 0x6a 0x30886c0 0x73 0x0 0x0 0x9e0002 0xdd 0xa10004 0x0 0x17799a10 0xdd 0x0 0x0 0xa50003 0xdd 0xfffffffffffffe28 0xab0005 0x49 0x30886c0 0x5c 0x0 0x0 0xae0002 0xa5 0xb80002 0xa5 0xc30007 0xa5 0x68 0xdd 0xce0005 0x6a 0x171d40c0 0x73 0x0 0x0 0xd40003 0xdd 0xffffffffffffffb0 0xe00002 0xa5 0xe50002 0xa5 oops 9 8 java/util/HashMap 14 com/android/dx/rop/type/Prototype 29 java/lang/String 46 java/lang/String 59 java/lang/String 74 java/lang/String 82 com/android/dx/rop/type/Type 91 java/lang/String 105 com/android/dx/rop/type/StdTypeList
ciMethodData com/android/dx/rop/cst/CstNat <init> (Lcom/android/dx/rop/cst/CstString;Lcom/android/dx/rop/cst/CstString;)V 2 1132 orig 264 136 112 93 109 0 0 0 0 216 86 34 21 0 0 0 0 160 1 0 0 48 0 0 0 0 0 0 0 0 0 0 0 0 0 0 0 0 0 0 0 0 0 0 0 0 0 0 0 0 0 0 0 0 0 0 0 0 0 0 0 0 0 0 0 0 0 0 0 0 0 0 0 0 0 0 0 0 0 0 0 77 68 79 32 101 120 116 114 97 32 100 97 116 97 32 108 111 99 107 0 0 0 0 0 0 0 0 0 0 0 0 0 0 0 0 0 0 0 0 0 0 0 0 0 0 0 0 0 0 0 0 0 0 0 0 0 0 0 0 0 0 0 0 0 0 0 0 0 0 0 0 0 0 0 0 0 0 0 0 0 0 0 0 0 0 0 0 0 0 0 0 0 0 0 0 0 0 0 0 0 0 0 0 0 0 0 0 0 0 0 0 0 0 0 0 0 0 0 0 0 0 0 0 0 0 0 0 0 0 0 0 0 0 0 0 0 123 0 0 0 137 31 0 0 1 0 0 0 0 0 0 0 0 0 0 0 2 0 0 0 0 0 7 0 2 0 0 0 112 0 0 0 255 255 255 255 2 0 1 0 0 0 0 0 data 14 0x10002 0x3f1 0x50007 0x3f1 0x30 0x0 0xe0002 0x0 0x130007 0x3f1 0x30 0x0 0x1c0002 0x0 oops 0
ciMethodData com/android/dx/rop/cst/TypedConstant <init> ()V 2 4730 orig 264 136 112 93 109 0 0 0 0 152 188 31 21 0 0 0 0 48 1 0 0 0 0 0 0 0 0 0 0 0 0 0 0 0 0 0 0 0 0 0 0 0 0 0 0 0 0 0 0 0 0 0 0 0 0 0 0 0 0 0 0 0 0 0 0 0 0 0 0 0 0 0 0 0 0 0 0 0 0 0 0 77 68 79 32 101 120 116 114 97 32 100 97 116 97 32 108 111 99 107 0 0 0 0 0 0 0 0 0 0 0 0 0 0 0 0 0 0 0 0 0 0 0 0 0 0 0 0 0 0 0 0 0 0 0 0 0 0 0 0 0 0 0 0 0 0 0 0 0 0 0 0 0 0 0 0 0 0 0 0 0 0 0 0 0 0 0 0 0 0 0 0 0 0 0 0 0 0 0 0 0 0 0 0 0 0 0 0 0 0 0 0 0 0 0 0 0 0 0 0 0 0 0 0 0 0 0 0 0 0 0 0 0 0 0 0 0 0 2 0 0 209 131 0 0 1 0 0 0 0 0 0 0 0 0 0 0 2 0 0 0 0 0 3 0 2 0 0 0 16 0 0 0 255 255 255 255 2 0 1 0 0 0 0 0 data 2 0x10002 0x107a oops 0
ciMethodData com/android/dx/util/MutabilityControl <init> (Z)V 2 22076 orig 264 136 112 93 109 0 0 0 0 88 117 34 21 0 0 0 0 56 1 0 0 0 0 0 0 0 0 0 0 0 0 0 0 0 0 0 0 0 0 0 0 0 0 0 0 0 0 0 0 0 0 0 0 0 0 0 0 0 0 0 0 0 0 0 0 0 0 0 0 0 0 0 0 0 0 0 0 0 0 0 0 77 68 79 32 101 120 116 114 97 32 100 97 116 97 32 108 111 99 107 0 0 0 0 0 0 0 0 0 0 0 0 0 0 0 0 0 0 0 0 0 0 0 0 0 0 0 0 0 0 0 0 0 0 0 0 0 0 0 0 0 0 0 0 0 0 0 0 0 0 0 0 0 0 0 0 0 0 0 0 0 0 0 0 0 0 0 0 0 0 0 0 0 0 0 0 0 0 0 0 0 0 0 0 0 0 0 0 0 0 0 0 0 0 0 0 0 0 0 0 0 0 0 0 0 0 0 0 0 0 0 0 0 0 0 0 0 0 2 0 0 225 161 2 0 1 0 0 0 0 0 0 0 0 0 0 0 2 0 0 0 0 0 3 0 2 0 0 0 16 0 0 0 255 255 255 255 2 0 1 0 0 0 0 0 data 2 0x10002 0x5441 oops 0
ciMethodData com/android/dx/util/FixedSizeList <init> (I)V 2 8928 orig 264 136 112 93 109 0 0 0 0 216 253 34 21 0 0 0 0 152 1 0 0 56 0 0 0 0 0 0 0 0 0 0 0 0 0 0 0 0 0 0 0 0 0 0 0 0 0 0 0 0 0 0 0 0 0 0 0 0 0 0 0 0 0 0 0 0 0 0 0 0 0 0 0 0 0 0 0 0 0 0 0 77 68 79 32 101 120 116 114 97 32 100 97 116 97 32 108 111 99 107 0 0 0 0 0 0 0 0 0 0 0 0 0 0 0 0 0 0 0 0 0 0 0 0 0 0 0 0 0 0 0 0 0 0 0 0 0 0 0 0 0 0 0 0 0 0 0 0 0 0 0 0 0 0 0 0 0 0 0 0 0 0 0 0 0 0 0 0 0 0 0 0 0 0 0 0 0 0 0 0 0 0 0 0 0 0 0 0 0 0 0 0 0 0 0 0 0 0 0 0 0 0 0 0 0 0 0 0 0 0 0 0 0 0 0 0 0 0 2 0 0 1 7 1 0 1 0 0 0 0 0 0 0 0 0 0 0 2 0 0 0 0 0 10 0 2 0 0 0 112 0 0 0 255 255 255 255 7 0 2 0 0 0 0 0 data 14 0x20007 0xca2 0x38 0x1447 0x60003 0x1443 0x18 0xa0002 0x20ec 0x150003 0x20eb 0x28 0x1f0002 0x0 oops 0
ciMethodData com/android/dx/rop/type/Type intern (Ljava/lang/String;)Lcom/android/dx/rop/type/Type; 2 4298 orig 264 136 112 93 109 0 0 0 0 216 166 34 21 0 0 0 0 32 7 0 0 208 2 0 0 0 0 0 0 0 0 0 0 0 0 0 0 0 0 0 0 0 0 0 0 0 0 0 0 0 0 0 0 0 0 0 0 0 0 0 0 0 0 0 0 0 0 0 0 0 0 0 0 0 0 0 0 0 0 0 0 77 68 79 32 101 120 116 114 97 32 100 97 116 97 32 108 111 99 107 0 0 0 0 0 0 0 0 0 0 0 0 0 0 0 0 0 0 0 0 0 0 0 0 0 0 0 0 0 0 0 0 0 0 0 0 0 0 0 0 0 0 0 0 0 0 0 0 0 0 0 0 0 0 0 0 0 0 0 0 0 0 0 0 0 0 0 0 0 0 0 0 0 0 0 0 0 0 0 0 0 0 0 0 0 0 0 0 0 0 0 0 0 0 0 0 0 0 0 0 0 0 0 0 0 0 0 0 0 0 0 0 0 0 0 0 0 186 6 0 0 209 51 0 0 129 80 0 0 0 0 0 0 0 0 0 0 2 0 0 0 1 0 66 0 2 0 0 0 216 5 0 0 255 255 255 255 5 0 10 0 0 0 0 0 data 187 0xa0005 0x0 0x178b8d90 0x67b 0x0 0x0 0xd0104 0x0 0x17799a10 0x61c 0x0 0x0 0x130003 0x67b 0x18 0x1c0007 0x5f 0x20 0x61c 0x230005 0x12 0x30886c0 0x4d 0x0 0x0 0x270003 0x5f 0x38 0x310002 0x0 0x3c0002 0x0 0x430007 0x5c 0x90 0x3 0x480005 0x0 0x30886c0 0x3 0x0 0x0 0x4b0002 0x3 0x500005 0x0 0x17799a10 0x3 0x0 0x0 0x550005 0x12 0x30886c0 0x4a 0x0 0x0 0x5c0007 0x0 0x70 0x5c 0x630005 0x12 0x30886c0 0x4a 0x0 0x0 0x680007 0x5c 0xd0 0x0 0x730002 0x0 0x780005 0x0 0x0 0x0 0x0 0x0 0x7c0005 0x0 0x0 0x0 0x0 0x0 0x7f0005 0x0 0x0 0x0 0x0 0x0 0x820002 0x0 0x920007 0x5c 0x2d8 0xa10 0x980005 0x1d7 0x30886c0 0x839 0x0 0x0 0x9f0008 0xe 0x1ac 0x270 0x0 0x80 0x0 0x80 0x0 0x80 0x2b 0x130 0x0 0x80 0x0 0x80 0xe00002 0x0 0xe50005 0x0 0x0 0x0 0x0 0x0 0xe90005 0x0 0x0 0x0 0x0 0x0 0xec0005 0x0 0x0 0x0 0x0 0x0 0xef0002 0x0 0xf60007 0x0 0x90 0xf1 0xfe0007 0x0 0x70 0xf1 0x1060005 0x2b 0x30886c0 0xc6 0x0 0x0 0x10b0007 0xf1 0xd0 0x0 0x1160002 0x0 0x11b0005 0x0 0x0 0x0 0x0 0x0 0x11f0005 0x0 0x0 0x0 0x0 0x0 0x1220005 0x0 0x0 0x0 0x0 0x0 0x1250002 0x0 0x12c0003 0xa10 0xfffffffffffffd40 0x1360002 0x5c 0x13b0002 0x5c oops 9 2 java/util/HashMap 8 com/android/dx/rop/type/Type 21 java/lang/String 38 java/lang/String 46 com/android/dx/rop/type/Type 52 java/lang/String 62 java/lang/String 98 java/lang/String 150 java/lang/String
ciMethodData com/android/dx/rop/type/StdTypeList <init> (I)V 2 1922 orig 264 136 112 93 109 0 0 0 0 32 238 34 21 0 0 0 0 56 1 0 0 0 0 0 0 0 0 0 0 0 0 0 0 0 0 0 0 0 0 0 0 0 0 0 0 0 0 0 0 0 0 0 0 0 0 0 0 0 0 0 0 0 0 0 0 0 0 0 0 0 0 0 0 0 0 0 0 0 0 0 0 77 68 79 32 101 120 116 114 97 32 100 97 116 97 32 108 111 99 107 0 0 0 0 0 0 0 0 0 0 0 0 0 0 0 0 0 0 0 0 0 0 0 0 0 0 0 0 0 0 0 0 0 0 0 0 0 0 0 0 0 0 0 0 0 0 0 0 0 0 0 0 0 0 0 0 0 0 0 0 0 0 0 0 0 0 0 0 0 0 0 0 0 0 0 0 0 0 0 0 0 0 0 0 0 0 0 0 0 0 0 0 0 0 0 0 0 0 0 0 0 0 0 0 0 0 0 0 0 0 0 0 0 0 0 0 0 0 2 0 0 17 44 0 0 1 0 0 0 0 0 0 0 0 0 0 0 2 0 0 0 0 0 3 0 2 0 0 0 16 0 0 0 255 255 255 255 2 0 2 0 0 0 0 0 data 2 0x20002 0x582 oops 0
ciMethodData com/android/dx/rop/type/Type <init> (Ljava/lang/String;I)V 1 188 orig 264 136 112 93 109 0 0 0 0 8 171 34 21 0 0 0 0 64 1 0 0 0 0 0 0 0 0 0 0 0 0 0 0 0 0 0 0 0 0 0 0 0 0 0 0 0 0 0 0 0 0 0 0 0 0 0 0 0 0 0 0 0 0 0 0 0 0 0 0 0 0 0 0 0 0 0 0 0 0 0 0 77 68 79 32 101 120 116 114 97 32 100 97 116 97 32 108 111 99 107 0 0 0 0 0 0 0 0 0 0 0 0 0 0 0 0 0 0 0 0 0 0 0 0 0 0 0 0 0 0 0 0 0 0 0 0 0 0 0 0 0 0 0 0 0 0 0 0 0 0 0 0 0 0 0 0 0 0 0 0 0 0 0 0 0 0 0 0 0 0 0 0 0 0 0 0 0 0 0 0 0 0 0 0 0 0 0 0 0 0 0 0 0 0 0 0 0 0 0 0 0 0 0 0 0 0 0 0 0 0 0 0 0 0 0 0 0 111 0 0 0 105 2 0 0 1 0 0 0 0 0 0 0 0 0 0 0 2 0 0 0 0 0 0 0 0 0 0 0 16 0 0 0 255 255 255 255 2 0 4 0 0 0 0 0 data 2 0x40002 0x4d oops 0
ciMethodData com/android/dx/rop/type/Type <init> (Ljava/lang/String;II)V 1 290 orig 264 136 112 93 109 0 0 0 0 40 170 34 21 0 0 0 0 248 1 0 0 128 0 0 0 0 0 0 0 0 0 0 0 0 0 0 0 0 0 0 0 0 0 0 0 0 0 0 0 0 0 0 0 0 0 0 0 0 0 0 0 0 0 0 0 0 0 0 0 0 0 0 0 0 0 0 0 0 0 0 0 77 68 79 32 101 120 116 114 97 32 100 97 116 97 32 108 111 99 107 0 0 0 0 0 0 0 0 0 0 0 0 0 0 0 0 0 0 0 0 0 0 0 0 0 0 0 0 0 0 0 0 0 0 0 0 0 0 0 0 0 0 0 0 0 0 0 0 0 0 0 0 0 0 0 0 0 0 0 0 0 0 0 0 0 0 0 0 0 0 0 0 0 0 0 0 0 0 0 0 0 0 0 0 0 0 0 0 0 0 0 0 0 0 0 0 0 0 0 0 0 0 0 0 0 0 0 0 0 0 0 0 0 0 0 0 0 138 0 0 0 193 4 0 0 1 0 0 0 0 0 0 0 0 0 0 0 2 0 0 0 0 0 0 0 0 0 0 0 192 0 0 0 255 255 255 255 2 0 1 0 0 0 0 0 data 24 0x10002 0x98 0x50007 0x98 0x30 0x0 0xe0002 0x0 0x130007 0x0 0x40 0x98 0x190007 0x98 0x30 0x0 0x220002 0x0 0x280007 0x98 0x30 0x0 0x310002 0x0 oops 0
ciMethodData com/android/dx/rop/type/Prototype makeParameterArray (Ljava/lang/String;)[Lcom/android/dx/rop/type/Type; 1 5212 orig 264 136 112 93 109 0 0 0 0 144 177 35 21 0 0 0 0 104 3 0 0 176 1 0 0 0 0 0 0 0 0 0 0 0 0 0 0 0 0 0 0 0 0 0 0 0 0 0 0 0 0 0 0 0 0 0 0 0 0 0 0 0 0 0 0 0 0 0 0 0 0 0 0 0 0 0 0 0 0 0 0 77 68 79 32 101 120 116 114 97 32 100 97 116 97 32 108 111 99 107 0 0 0 0 0 0 0 0 0 0 0 0 0 0 0 0 0 0 0 0 0 0 0 0 0 0 0 0 0 0 0 0 0 0 0 0 0 0 0 0 0 0 0 0 0 0 0 0 0 0 0 0 0 0 0 0 0 0 0 0 0 0 0 0 0 0 0 0 0 0 0 0 0 0 0 0 0 0 0 0 0 0 0 0 0 0 0 0 0 0 0 0 0 0 0 0 0 0 0 0 0 0 0 0 0 0 0 0 0 0 0 0 0 0 0 0 0 253 10 0 0 225 2 0 0 249 74 0 0 0 0 0 0 0 0 0 0 2 0 0 0 1 0 33 0 2 0 0 0 32 2 0 0 255 255 255 255 5 0 1 0 0 0 0 0 data 68 0x10005 0x4c 0x30886c0 0x10 0x0 0x0 0x70005 0x4c 0x30886c0 0x10 0x0 0x0 0xc0007 0x5c 0x30 0x0 0x150002 0x0 0x230007 0x0 0xe0 0x9bb 0x290005 0x7dd 0x30886c0 0x1de 0x0 0x0 0x320007 0x95f 0x38 0x5c 0x380003 0x5c 0x70 0x3f0007 0x174 0x40 0x7eb 0x460007 0x6e3 0x20 0x108 0x4f0003 0x95f 0xffffffffffffff38 0x530007 0x0 0x40 0x5c 0x5a0007 0x5c 0x30 0x0 0x630002 0x0 0x6d0005 0x4c 0x30886c0 0x10 0x0 0x0 0x710007 0x5c 0x30 0x0 0x7a0002 0x0 oops 4 2 java/lang/String 8 java/lang/String 24 java/lang/String 58 java/lang/String
instanceKlass com/android/dx/dex/file/FieldAnnotationStruct
instanceKlass com/android/dx/cf/code/Ropper$ExceptionHandlerSetup
instanceKlass java/util/ArrayList$1
instanceKlass java/util/DualPivotQuicksort
instanceKlass com/android/dx/ssa/back/FirstFitLocalCombiningAllocator$Multiset
instanceKlass com/android/dx/ssa/PhiInsn$Operand
instanceKlass com/android/dx/dex/code/DalvCode
instanceKlass com/android/dx/dex/code/StdCatchBuilder
instanceKlass com/android/dx/dex/code/RopToDop
instanceKlass com/android/dx/dex/code/OutputFinisher
instanceKlass com/android/dx/dex/code/OutputCollector
instanceKlass com/android/dx/rop/code/Insn$BaseVisitor
instanceKlass com/android/dx/io/Opcodes
instanceKlass com/android/dx/dex/code/InsnFormat
instanceKlass com/android/dx/dex/code/Dop
instanceKlass com/android/dx/dex/code/Dops
instanceKlass com/android/dx/dex/code/BlockAddresses
instanceKlass com/android/dx/dex/code/CatchBuilder
instanceKlass com/android/dx/dex/code/DalvInsn
instanceKlass com/android/dx/dex/code/RopTranslator$TranslationVisitor
instanceKlass com/android/dx/dex/code/RopTranslator
instanceKlass com/android/dx/rop/code/LocalVariableExtractor
instanceKlass com/android/dx/ssa/back/IdenticalBlockCombiner
instanceKlass com/android/dx/ssa/back/SsaToRop$1
instanceKlass com/android/dx/ssa/back/SsaToRop$PhiVisitor
instanceKlass com/android/dx/ssa/back/FirstFitLocalCombiningAllocator$1
instanceKlass com/android/dx/ssa/back/LivenessAnalyzer$1
instanceKlass com/android/dx/ssa/back/InterferenceGraph
instanceKlass com/android/dx/ssa/back/LivenessAnalyzer
instanceKlass com/android/dx/ssa/back/RegisterAllocator
instanceKlass com/android/dx/ssa/back/SsaToRop
instanceKlass com/android/dx/ssa/PhiTypeResolver
instanceKlass com/android/dx/ssa/ConstCollector$1
instanceKlass java/util/HashMap$HashIterator
instanceKlass com/android/dx/ssa/ConstCollector
instanceKlass com/android/dx/ssa/SsaMethod$1
instanceKlass com/android/dx/ssa/LiteralOpUpgrader$1
instanceKlass com/android/dx/ssa/LiteralOpUpgrader
instanceKlass com/android/dx/ssa/DeadCodeRemover$NoSideEffectVisitor
instanceKlass com/android/dx/ssa/DeadCodeRemover
instanceKlass com/android/dx/ssa/SsaMethod$2
instanceKlass com/android/dx/ssa/SCCP
instanceKlass com/android/dx/ssa/MoveParamCombiner$1
instanceKlass com/android/dx/ssa/MoveParamCombiner
instanceKlass com/android/dx/ssa/SsaRenamer$BlockRenamer$1
instanceKlass com/android/dx/ssa/RegisterMapper
instanceKlass com/android/dx/ssa/PhiInsn$Visitor
instanceKlass com/android/dx/ssa/SsaRenamer$BlockRenamer
instanceKlass com/android/dx/ssa/SsaRenamer$1
instanceKlass com/android/dx/ssa/SsaRenamer
instanceKlass com/android/dx/util/BitIntSet$1
instanceKlass com/android/dx/util/IntIterator
instanceKlass com/android/dx/util/BitIntSet
instanceKlass com/android/dx/util/IntSet
instanceKlass com/android/dx/ssa/SetFactory
instanceKlass com/android/dx/ssa/Dominators$DfsWalker
instanceKlass com/android/dx/ssa/Dominators$DFSInfo
instanceKlass com/android/dx/ssa/SsaBasicBlock$Visitor
instanceKlass com/android/dx/ssa/Dominators
instanceKlass com/android/dx/ssa/DomFront$DomInfo
instanceKlass com/android/dx/ssa/DomFront
instanceKlass com/android/dx/ssa/LocalVariableExtractor
instanceKlass com/android/dx/ssa/SsaBasicBlock$LabelComparator
instanceKlass com/android/dx/ssa/SsaBasicBlock
instanceKlass com/android/dx/rop/code/BasicBlockList$RegCountVisitor
instanceKlass com/android/dx/ssa/SsaInsn
instanceKlass com/android/dx/ssa/SsaInsn$Visitor
instanceKlass com/android/dx/ssa/SsaMethod
instanceKlass com/android/dx/ssa/SsaConverter
instanceKlass java/lang/Class$4
instanceKlass com/android/dx/ssa/Optimizer
instanceKlass com/android/dx/rop/code/RopMethod
instanceKlass com/android/dx/rop/code/Insn$Visitor
instanceKlass com/android/dx/cf/code/Merger
instanceKlass com/android/dx/rop/code/BasicBlock
instanceKlass com/android/dx/rop/code/Exceptions
instanceKlass com/android/dx/rop/code/Rop
instanceKlass com/android/dx/rop/code/Rops
instanceKlass com/android/dx/rop/code/RegisterSpec$ForComparison
instanceKlass com/android/dx/rop/code/RegisterSpec
instanceKlass com/android/dx/rop/code/LocalItem
instanceKlass com/android/dx/rop/code/SourcePosition
instanceKlass com/android/dx/cf/code/Ropper$LabelAllocator
instanceKlass com/android/dx/cf/code/Ropper$CatchInfo
instanceKlass com/android/dx/cf/code/Ropper$Subroutine
instanceKlass com/android/dx/cf/code/Frame
instanceKlass com/android/dx/cf/code/Simulator$SimVisitor
instanceKlass com/android/dx/cf/code/Simulator
instanceKlass com/android/dx/cf/code/BaseMachine
instanceKlass com/android/dx/dex/file/MethodAnnotationStruct
instanceKlass com/android/dx/cf/code/ByteBlock
instanceKlass com/android/dx/util/LabeledItem
instanceKlass com/android/dx/cf/code/ByteCatchList$Item
instanceKlass com/android/dx/dex/file/EncodedMember
instanceKlass com/android/dx/cf/code/ByteOps
instanceKlass com/android/dx/dex/file/ValueEncoder
instanceKlass com/android/dx/util/Bits
instanceKlass com/android/dx/cf/code/BasicBlocker
instanceKlass com/android/dx/dex/file/AnnotationItem$TypeIdSorter
instanceKlass java/util/Collections$UnmodifiableCollection$1
instanceKlass com/android/dx/rop/code/BasicBlock$Visitor
instanceKlass java/util/TreeMap$PrivateEntryIterator
instanceKlass com/android/dx/rop/code/Insn
instanceKlass com/android/dx/rop/annotation/NameValuePair
instanceKlass com/android/dx/cf/code/Machine
instanceKlass com/android/dx/cf/code/Ropper
instanceKlass com/android/dx/rop/code/DexTranslationAdvice
instanceKlass com/android/dx/cf/code/ConcreteMethod
instanceKlass com/android/dx/dex/file/AnnotationUtils
instanceKlass com/android/dx/dex/cf/AttributeTranslator
instanceKlass com/android/dx/dex/cf/OptimizerOptions
instanceKlass com/android/dx/rop/code/TranslationAdvice
instanceKlass sun/nio/ch/Interruptible
instanceKlass java/util/concurrent/locks/LockSupport
instanceKlass com/android/dx/util/Hex
instanceKlass com/android/dx/dex/code/DalvCode$AssignIndicesCallback
instanceKlass com/android/dx/cf/code/LocalVariableList$Item
instanceKlass com/android/dx/dex/cf/CfTranslator
instanceKlass com/android/dx/cf/code/LineNumberList$Item
instanceKlass com/android/dx/cf/code/BytecodeArray$BaseVisitor
instanceKlass com/android/dx/cf/code/BytecodeArray
instanceKlass com/android/dx/command/dexer/Main$ClassDefItemConsumer
instanceKlass java/util/concurrent/FutureTask$WaitNode
instanceKlass java/util/concurrent/FutureTask
instanceKlass java/util/concurrent/RunnableFuture
instanceKlass java/util/concurrent/Future
instanceKlass com/android/dx/command/dexer/Main$ClassTranslatorTask
instanceKlass com/android/dx/cf/attrib/InnerClassList$Item
instanceKlass com/android/dx/cf/direct/DirectClassFile$DcfTypeList
instanceKlass com/android/dx/cf/attrib/BaseAttribute
instanceKlass com/android/dx/rop/type/Prototype
instanceKlass com/android/dx/rop/code/AccessFlags
instanceKlass com/android/dx/cf/iface/StdMember
instanceKlass com/android/dx/cf/direct/AttributeListParser
instanceKlass com/android/dx/cf/iface/Method
instanceKlass com/android/dx/cf/iface/Field
instanceKlass com/android/dx/cf/iface/Member
instanceKlass com/android/dx/cf/direct/MemberListParser
instanceKlass com/android/dx/rop/type/Type
instanceKlass com/android/dx/util/MutabilityControl
instanceKlass com/android/dx/cf/cst/ConstantPoolParser
instanceKlass com/android/dx/cf/code/BytecodeArray$Visitor
instanceKlass com/android/dx/cf/iface/Attribute
instanceKlass com/android/dx/util/ByteArray
instanceKlass com/android/dx/cf/iface/MethodList
instanceKlass com/android/dx/cf/iface/FieldList
instanceKlass com/android/dx/rop/type/TypeList
instanceKlass com/android/dx/cf/iface/AttributeList
instanceKlass com/android/dx/rop/cst/ConstantPool
instanceKlass com/android/dx/cf/direct/DirectClassFile
instanceKlass com/android/dx/cf/iface/ClassFile
instanceKlass com/android/dx/cf/iface/HasAttribute
instanceKlass com/android/dx/command/dexer/Main$ClassParserTask
instanceKlass com/android/dx/command/dexer/Main$DirectClassFileConsumer
instanceKlass java/util/ArrayList$Itr
instanceKlass java/util/regex/Matcher
instanceKlass java/util/regex/MatchResult
instanceKlass java/util/regex/Pattern$Node
instanceKlass java/util/regex/Pattern
instanceKlass java/util/TimSort
instanceKlass com/android/dx/cf/direct/ClassPathOpener$3
instanceKlass java/util/zip/ZipFile$ZipEntryIterator
instanceKlass com/android/dx/command/dexer/Main$FileBytesConsumer
instanceKlass com/android/dx/cf/direct/ClassPathOpener$1
instanceKlass com/android/dx/cf/direct/ClassPathOpener
instanceKlass java/util/concurrent/LinkedBlockingQueue$Node
instanceKlass java/util/concurrent/Executors$DefaultThreadFactory
instanceKlass java/util/concurrent/ThreadFactory
instanceKlass java/util/concurrent/Executors
instanceKlass java/util/concurrent/ThreadPoolExecutor$CallerRunsPolicy
instanceKlass java/util/concurrent/locks/AbstractQueuedSynchronizer$ConditionObject
instanceKlass java/util/concurrent/locks/Condition
instanceKlass java/util/concurrent/locks/AbstractQueuedSynchronizer$Node
instanceKlass java/util/concurrent/locks/AbstractOwnableSynchronizer
instanceKlass java/util/concurrent/ThreadPoolExecutor$AbortPolicy
instanceKlass java/util/concurrent/AbstractExecutorService
instanceKlass java/util/ComparableTimSort
instanceKlass sun/security/action/GetBooleanAction
instanceKlass java/util/Arrays$LegacyMergeSort
instanceKlass com/android/dx/dex/file/MixedItemSection$1
instanceKlass com/android/dx/dex/file/Item
instanceKlass com/android/dx/dex/file/Section
instanceKlass com/android/dx/rop/type/TypeBearer
instanceKlass com/android/dx/rop/cst/Constant
instanceKlass com/android/dx/util/ToHuman
instanceKlass com/android/dx/util/AnnotatedOutput
instanceKlass com/android/dx/util/Output
instanceKlass com/android/dex/util/ByteOutput
instanceKlass com/android/dx/dex/file/DexFile
instanceKlass com/android/dx/dex/DexOptions
instanceKlass com/android/dx/command/DxConsole
instanceKlass com/android/dx/dex/cf/CfOptions
instanceKlass com/android/dex/util/FileUtils
instanceKlass com/android/dx/command/dexer/Main$Arguments$ArgumentsParser
instanceKlass com/android/dx/command/dexer/Main$Arguments
instanceKlass com/android/dx/cf/direct/ClassPathOpener$FileNameFilter
instanceKlass java/util/concurrent/ExecutorService
instanceKlass java/util/concurrent/Executor
instanceKlass java/util/concurrent/BlockingQueue
instanceKlass java/util/concurrent/RejectedExecutionHandler
instanceKlass com/android/dx/cf/direct/AttributeFactory
instanceKlass com/android/dx/cf/direct/ClassPathOpener$Consumer
instanceKlass java/util/concurrent/Callable
instanceKlass com/android/dx/command/dexer/Main
instanceKlass java/lang/Void
instanceKlass java/lang/Class$MethodArray
instanceKlass sun/launcher/LauncherHelper$FXHelper
instanceKlass com/android/dx/command/Main
instanceKlass java/io/FilePermission$1
instanceKlass sun/net/www/MessageHeader
instanceKlass java/net/URLConnection
instanceKlass java/security/PermissionCollection
instanceKlass sun/nio/ByteBuffered
instanceKlass sun/security/util/ManifestEntryVerifier
instanceKlass sun/security/util/SignatureFileVerifier
instanceKlass java/lang/Package
instanceKlass java/util/jar/JarVerifier$3
instanceKlass java/security/CodeSigner
instanceKlass java/util/jar/JarVerifier
instanceKlass java/util/jar/Attributes$Name
instanceKlass java/util/jar/Attributes
instanceKlass sun/misc/Resource
instanceKlass sun/misc/IOUtils
instanceKlass java/util/zip/ZStreamRef
instanceKlass java/util/zip/Inflater
instanceKlass sun/util/calendar/CalendarUtils
instanceKlass sun/util/calendar/CalendarDate
instanceKlass java/util/TimeZone$1
instanceKlass java/util/zip/CRC32
instanceKlass java/util/zip/Checksum
instanceKlass sun/util/calendar/ZoneInfoFile$ZoneOffsetTransitionRule
instanceKlass java/io/DataInput
instanceKlass sun/util/calendar/ZoneInfoFile$1
instanceKlass sun/util/calendar/ZoneInfoFile
instanceKlass java/util/TimeZone
instanceKlass sun/util/calendar/CalendarSystem
instanceKlass java/util/Date
instanceKlass java/util/zip/ZipUtils
instanceKlass java/util/zip/ZipEntry
instanceKlass sun/misc/ExtensionDependency
instanceKlass sun/misc/JarIndex
instanceKlass sun/nio/ch/DirectBuffer
instanceKlass sun/misc/PerfCounter$CoreCounters
instanceKlass sun/misc/Perf
instanceKlass sun/misc/Perf$GetPerfAction
instanceKlass sun/misc/PerfCounter
instanceKlass java/util/zip/ZipCoder
instanceKlass java/util/Deque
instanceKlass java/util/Queue
instanceKlass java/nio/charset/StandardCharsets
instanceKlass java/util/jar/JavaUtilJarAccessImpl
instanceKlass sun/misc/JavaUtilJarAccess
instanceKlass sun/misc/FileURLMapper
instanceKlass sun/misc/URLClassPath$JarLoader$1
instanceKlass sun/nio/cs/ThreadLocalCoders$Cache
